<?xml version="1.0" encoding="UTF-8"?>
<!-- Generated by org.testng.reporters.JUnitReportReporter -->
<testsuite skipped="0" hostname="Murats-MacBook-Pro.local" name="tests.LoginPageTest" tests="5" failures="0" timestamp="2021-04-09T21:48:08 EDT" time="98.029" errors="0">
  <testcase name="testPageTitle" time="9.237" classname="tests.LoginPageTest"/>
  <system-out/>
  <testcase name="testLogin" time="22.434" classname="tests.LoginPageTest"/>
  <system-out/>
  <testcase name="testLogwrongun" time="23.836" classname="tests.LoginPageTest"/>
  <system-out/>
  <testcase name="testLogwrongpw" time="21.426" classname="tests.LoginPageTest"/>
  <system-out/>
  <testcase name="testLogwrongunpw" time="21.096" classname="tests.LoginPageTest"/>
  <system-out/>
</testsuite> <!-- tests.LoginPageTest -->
