<?xml version="1.0" encoding="UTF-8"?>
<!-- Generated by org.testng.reporters.JUnitReportReporter -->
<testsuite hostname="Zeyneps-MBP" failures="0" tests="5" name="tests.CoursesPageTest" time="83.091" errors="0" timestamp="2021-04-04T23:49:16 EDT" skipped="0">
  <testcase classname="tests.CoursesPageTest" name="checkCoursesText" time="8.570"/>
  <system-out/>
  <testcase classname="tests.CoursesPageTest" name="checkConversationalEnglishPageText" time="17.061"/>
  <system-out/>
  <testcase classname="tests.CoursesPageTest" name="checkFreeCourseSignUpPage" time="16.554"/>
  <system-out/>
  <testcase classname="tests.CoursesPageTest" name="signUpForFreeCourses" time="19.957"/>
  <system-out/>
  <testcase classname="tests.CoursesPageTest" name="signUpForFreeCourses" time="20.949"/>
  <system-out/>
</testsuite> <!-- tests.CoursesPageTest -->
