<?xml version="1.0" encoding="UTF-8"?>
<!-- Generated by org.testng.reporters.JUnitReportReporter -->
<testsuite hostname="Zeyneps-MBP" failures="0" tests="3" name="tests.LoginPageTest" time="9.796" errors="0" timestamp="2021-03-26T03:46:40 EDT" skipped="1">
  <testcase classname="tests.LoginPageTest" name="testPageTitle" time="3.931"/>
  <system-out/>
  <testcase classname="tests.LoginPageTest" name="flexiblePackage" time="5.865"/>
  <system-out/>
  <testcase classname="tests.LoginPageTest" name="testLogin">
    <skipped/>
  </testcase> <!-- testLogin -->
  <system-out/>
</testsuite> <!-- tests.LoginPageTest -->
