<?xml version="1.0" encoding="UTF-8"?>
<!-- Generated by org.testng.reporters.JUnitReportReporter -->
<testsuite hostname="Zeyneps-MBP" failures="0" tests="3" name="tests.LoginPageTest" time="14.804" errors="0" timestamp="2021-03-30T00:52:25 EDT" skipped="1">
  <testcase classname="tests.LoginPageTest" name="testPageTitle" time="5.111"/>
  <system-out/>
  <testcase classname="tests.LoginPageTest" name="flexiblePackage" time="9.693"/>
  <system-out/>
  <testcase classname="tests.LoginPageTest" name="testLogin">
    <skipped/>
  </testcase> <!-- testLogin -->
  <system-out/>
</testsuite> <!-- tests.LoginPageTest -->
