<?xml version="1.0" encoding="UTF-8"?>
<!-- Generated by org.testng.reporters.JUnitReportReporter -->
<testsuite hostname="Zeyneps-MBP" failures="0" tests="10" name="tests.HomePageTest" time="118.059" errors="0" timestamp="2021-03-30T01:35:22 EDT" skipped="0">
  <testcase classname="tests.HomePageTest" name="checkHomePageURL" time="3.730"/>
  <system-out/>
  <testcase classname="tests.HomePageTest" name="checkTopNavigationBarItems" time="29.406"/>
  <system-out/>
  <testcase classname="tests.HomePageTest" name="checkFooterLinks" time="7.249"/>
  <system-out/>
  <testcase classname="tests.HomePageTest" name="checkFlexiblePackageInvalidOptions" time="11.126"/>
  <system-out/>
  <testcase classname="tests.HomePageTest" name="checkFlexiblePackageInvalidOptions" time="11.595"/>
  <system-out/>
  <testcase classname="tests.HomePageTest" name="checkFlexiblePackageInvalidOptions" time="12.265"/>
  <system-out/>
  <testcase classname="tests.HomePageTest" name="checkFlexiblePackageValidOptions" time="12.010"/>
  <system-out/>
  <testcase classname="tests.HomePageTest" name="checkFlexiblePackageValidOptions" time="12.683"/>
  <system-out/>
  <testcase classname="tests.HomePageTest" name="checkFlexiblePackageValidOptions" time="12.158"/>
  <system-out/>
  <testcase classname="tests.HomePageTest" name="checkFreeBtn" time="5.837"/>
  <system-out/>
</testsuite> <!-- tests.HomePageTest -->
