<?xml version="1.0" encoding="UTF-8"?>
<!-- Generated by org.testng.reporters.JUnitReportReporter -->
<testsuite hostname="Zeyneps-MBP" failures="0" tests="3" name="tests.HomePageTest" time="13.594" errors="0" timestamp="2021-03-28T23:46:21 EDT" skipped="1">
  <testcase classname="tests.HomePageTest" name="checkHomePageURL" time="4.585"/>
  <system-out/>
  <testcase classname="tests.HomePageTest" name="checkFooterLinks" time="9.009"/>
  <system-out/>
  <testcase classname="tests.HomePageTest" name="checkTopNavigationBarItems">
    <skipped/>
  </testcase> <!-- checkTopNavigationBarItems -->
  <system-out/>
</testsuite> <!-- tests.HomePageTest -->
