<?xml version="1.0" encoding="UTF-8"?>
<!-- Generated by org.testng.reporters.JUnitReportReporter -->
<testsuite hostname="Zeyneps-MBP" failures="0" tests="5" name="tests.CoursesPageTest" time="102.461" errors="0" timestamp="2021-04-04T15:10:07 EDT" skipped="0">
  <testcase classname="tests.CoursesPageTest" name="checkCoursesText" time="12.551"/>
  <system-out/>
  <testcase classname="tests.CoursesPageTest" name="checkConversationalEnglishPageText" time="19.275"/>
  <system-out/>
  <testcase classname="tests.CoursesPageTest" name="checkFreeCourseSignUpPage" time="20.022"/>
  <system-out/>
  <testcase classname="tests.CoursesPageTest" name="signUpForFreeCourses" time="26.642"/>
  <system-out/>
  <testcase classname="tests.CoursesPageTest" name="signUpForFreeCourses" time="23.971"/>
  <system-out/>
</testsuite> <!-- tests.CoursesPageTest -->
