<?xml version="1.0" encoding="UTF-8"?>
<!-- Generated by org.testng.reporters.JUnitReportReporter -->
<testsuite hostname="Zeyneps-MBP" failures="0" tests="12" name="tests.HomePageTest" time="115.002" errors="0" timestamp="2021-04-01T23:19:27 EDT" skipped="2">
  <testcase classname="tests.HomePageTest" name="checkFlexiblePackageInvalidOptions" time="8.888"/>
  <system-out/>
  <testcase classname="tests.HomePageTest" name="checkFlexiblePackageInvalidOptions" time="9.690"/>
  <system-out/>
  <testcase classname="tests.HomePageTest" name="checkFlexiblePackageInvalidOptions" time="10.282"/>
  <system-out/>
  <testcase classname="tests.HomePageTest" name="checkFlexiblePackageValidOptions" time="10.295"/>
  <system-out/>
  <testcase classname="tests.HomePageTest" name="checkFlexiblePackageValidOptions" time="11.334"/>
  <system-out/>
  <testcase classname="tests.HomePageTest" name="checkFlexiblePackageValidOptions" time="10.028"/>
  <system-out/>
  <testcase classname="tests.HomePageTest" name="checkHomePageURL" time="5.977"/>
  <system-out/>
  <testcase classname="tests.HomePageTest" name="checkTopNavigationBarItems" time="34.319"/>
  <system-out/>
  <testcase classname="tests.HomePageTest" name="checkFooterLinks" time="7.910"/>
  <system-out/>
  <testcase classname="tests.HomePageTest" name="checkFreeBtn" time="6.279"/>
  <system-out/>
  <testcase classname="tests.HomePageTest" name="checkDurationDropDown">
    <skipped/>
  </testcase> <!-- checkDurationDropDown -->
  <system-out/>
  <testcase classname="tests.HomePageTest" name="checkSubscribedOptions">
    <skipped/>
  </testcase> <!-- checkSubscribedOptions -->
  <system-out/>
</testsuite> <!-- tests.HomePageTest -->
