<?xml version="1.0" encoding="UTF-8"?>
<!-- Generated by org.testng.reporters.JUnitReportReporter -->
<testsuite hostname="Zeyneps-MBP" failures="0" tests="12" name="tests.HomePageTest" time="118.022" errors="0" timestamp="2021-04-04T15:10:07 EDT" skipped="2">
  <testcase classname="tests.HomePageTest" name="checkHomePageURL" time="4.057"/>
  <system-out/>
  <testcase classname="tests.HomePageTest" name="checkTopNavigationBarItems" time="34.087"/>
  <system-out/>
  <testcase classname="tests.HomePageTest" name="checkFooterLinks" time="8.175"/>
  <system-out/>
  <testcase classname="tests.HomePageTest" name="checkFlexiblePackageInvalidOptions" time="9.968"/>
  <system-out/>
  <testcase classname="tests.HomePageTest" name="checkFlexiblePackageInvalidOptions" time="9.092"/>
  <system-out/>
  <testcase classname="tests.HomePageTest" name="checkFlexiblePackageInvalidOptions" time="13.755"/>
  <system-out/>
  <testcase classname="tests.HomePageTest" name="checkFlexiblePackageValidOptions" time="10.280"/>
  <system-out/>
  <testcase classname="tests.HomePageTest" name="checkFlexiblePackageValidOptions" time="11.331"/>
  <system-out/>
  <testcase classname="tests.HomePageTest" name="checkFlexiblePackageValidOptions" time="10.446"/>
  <system-out/>
  <testcase classname="tests.HomePageTest" name="checkFreeBtn" time="6.831"/>
  <system-out/>
  <testcase classname="tests.HomePageTest" name="checkDurationDropDown">
    <skipped/>
  </testcase> <!-- checkDurationDropDown -->
  <system-out/>
  <testcase classname="tests.HomePageTest" name="checkSubscribedOptions">
    <skipped/>
  </testcase> <!-- checkSubscribedOptions -->
  <system-out/>
</testsuite> <!-- tests.HomePageTest -->
