<?xml version="1.0" encoding="UTF-8"?>
<!-- Generated by org.testng.reporters.JUnitReportReporter -->
<testsuite hostname="Zeyneps-MBP" failures="0" tests="2" name="tests.LoginPageTest" time="16.927" errors="0" timestamp="2021-04-04T23:16:44 EDT" skipped="0">
  <testcase classname="tests.LoginPageTest" name="testPageTitle" time="4.334"/>
  <system-out/>
  <testcase classname="tests.LoginPageTest" name="testLogin" time="12.593"/>
  <system-out/>
</testsuite> <!-- tests.LoginPageTest -->
