<?xml version="1.0" encoding="UTF-8"?>
<!-- Generated by org.testng.reporters.JUnitReportReporter -->
<testsuite hostname="Zeyneps-MBP" failures="0" tests="3" name="tests.LoginPageTest" time="11.234" errors="0" timestamp="2021-03-31T02:09:06 EDT" skipped="1">
  <testcase classname="tests.LoginPageTest" name="testPageTitle" time="4.232"/>
  <system-out/>
  <testcase classname="tests.LoginPageTest" name="flexiblePackage" time="7.002"/>
  <system-out/>
  <testcase classname="tests.LoginPageTest" name="testLogin">
    <skipped/>
  </testcase> <!-- testLogin -->
  <system-out/>
</testsuite> <!-- tests.LoginPageTest -->
